<?xml version="1.0" encoding="UTF-8"?>
<testng-results ignored="0" total="10" passed="10" failed="0" skipped="0">
  <reporter-output>
  </reporter-output>
  <suite started-at="2023-06-01T09:37:01Z" name="Default suite" finished-at="2023-06-01T09:38:03Z" duration-ms="62171">
    <groups>
    </groups>
    <test started-at="2023-06-01T09:37:01Z" name="Default test" finished-at="2023-06-01T09:38:03Z" duration-ms="62171">
      <class name="com.qa.opencart.tests.AccountsPageTest">
        <test-method is-config="true" signature="setUp()[pri:0, instance:com.qa.opencart.tests.AccountsPageTest@4defd42]" started-at="2023-06-01T09:37:01Z" name="setUp" finished-at="2023-06-01T09:37:47Z" duration-ms="45872" status="PASS">
          <reporter-output>
          </reporter-output>
        </test-method> <!-- setUp -->
        <test-method is-config="true" signature="accPageSetup()[pri:0, instance:com.qa.opencart.tests.AccountsPageTest@4defd42]" started-at="2023-06-01T09:37:47Z" name="accPageSetup" finished-at="2023-06-01T09:37:49Z" duration-ms="1680" status="PASS">
          <reporter-output>
          </reporter-output>
        </test-method> <!-- accPageSetup -->
        <test-method signature="accPageTitleTest()[pri:1, instance:com.qa.opencart.tests.AccountsPageTest@4defd42]" started-at="2023-06-01T09:37:49Z" name="accPageTitleTest" finished-at="2023-06-01T09:37:49Z" duration-ms="123" status="PASS">
          <reporter-output>
          </reporter-output>
        </test-method> <!-- accPageTitleTest -->
        <test-method signature="accPageHeaderTest()[pri:2, instance:com.qa.opencart.tests.AccountsPageTest@4defd42]" started-at="2023-06-01T09:37:50Z" name="accPageHeaderTest" finished-at="2023-06-01T09:37:50Z" duration-ms="127" status="PASS">
          <reporter-output>
          </reporter-output>
        </test-method> <!-- accPageHeaderTest -->
        <test-method signature="isLogoutLinkExist()[pri:3, instance:com.qa.opencart.tests.AccountsPageTest@4defd42]" started-at="2023-06-01T09:37:50Z" name="isLogoutLinkExist" finished-at="2023-06-01T09:37:50Z" duration-ms="136" status="PASS">
          <reporter-output>
          </reporter-output>
        </test-method> <!-- isLogoutLinkExist -->
        <test-method signature="accountPageSectionsTest()[pri:4, instance:com.qa.opencart.tests.AccountsPageTest@4defd42]" started-at="2023-06-01T09:37:50Z" name="accountPageSectionsTest" finished-at="2023-06-01T09:37:50Z" duration-ms="270" status="PASS">
          <reporter-output>
          </reporter-output>
        </test-method> <!-- accountPageSectionsTest -->
        <test-method signature="searchTest(java.lang.String)[pri:5, instance:com.qa.opencart.tests.AccountsPageTest@4defd42]" started-at="2023-06-01T09:37:52Z" name="searchTest" data-provider="getProductData" finished-at="2023-06-01T09:37:53Z" duration-ms="1368" status="PASS">
          <params>
            <param index="0">
              <value>
                <![CDATA[MacBook]]>
              </value>
            </param>
          </params>
          <reporter-output>
          </reporter-output>
        </test-method> <!-- searchTest -->
        <test-method signature="searchTest(java.lang.String)[pri:5, instance:com.qa.opencart.tests.AccountsPageTest@4defd42]" started-at="2023-06-01T09:37:53Z" name="searchTest" data-provider="getProductData" finished-at="2023-06-01T09:37:54Z" duration-ms="1139" status="PASS">
          <params>
            <param index="0">
              <value>
                <![CDATA[Apple]]>
              </value>
            </param>
          </params>
          <reporter-output>
          </reporter-output>
        </test-method> <!-- searchTest -->
        <test-method signature="searchTest(java.lang.String)[pri:5, instance:com.qa.opencart.tests.AccountsPageTest@4defd42]" started-at="2023-06-01T09:37:54Z" name="searchTest" data-provider="getProductData" finished-at="2023-06-01T09:37:56Z" duration-ms="1355" status="PASS">
          <params>
            <param index="0">
              <value>
                <![CDATA[SamSung]]>
              </value>
            </param>
          </params>
          <reporter-output>
          </reporter-output>
        </test-method> <!-- searchTest -->
        <test-method signature="selectProductTest(java.lang.String, java.lang.String)[pri:6, instance:com.qa.opencart.tests.AccountsPageTest@4defd42]" started-at="2023-06-01T09:37:56Z" name="selectProductTest" data-provider="getMainProductData" finished-at="2023-06-01T09:37:59Z" duration-ms="3558" status="PASS">
          <params>
            <param index="0">
              <value>
                <![CDATA[MacBook]]>
              </value>
            </param>
            <param index="1">
              <value>
                <![CDATA[MacBook Pro]]>
              </value>
            </param>
          </params>
          <reporter-output>
          </reporter-output>
        </test-method> <!-- selectProductTest -->
        <test-method signature="selectProductTest(java.lang.String, java.lang.String)[pri:6, instance:com.qa.opencart.tests.AccountsPageTest@4defd42]" started-at="2023-06-01T09:37:59Z" name="selectProductTest" data-provider="getMainProductData" finished-at="2023-06-01T09:38:02Z" duration-ms="2278" status="PASS">
          <params>
            <param index="0">
              <value>
                <![CDATA[Apple]]>
              </value>
            </param>
            <param index="1">
              <value>
                <![CDATA[Apple Cinema 30"]]>
              </value>
            </param>
          </params>
          <reporter-output>
          </reporter-output>
        </test-method> <!-- selectProductTest -->
        <test-method signature="selectProductTest(java.lang.String, java.lang.String)[pri:6, instance:com.qa.opencart.tests.AccountsPageTest@4defd42]" started-at="2023-06-01T09:38:02Z" name="selectProductTest" data-provider="getMainProductData" finished-at="2023-06-01T09:38:03Z" duration-ms="1845" status="PASS">
          <params>
            <param index="0">
              <value>
                <![CDATA[SamSung]]>
              </value>
            </param>
            <param index="1">
              <value>
                <![CDATA[Samsung SyncMaster 941BW]]>
              </value>
            </param>
          </params>
          <reporter-output>
          </reporter-output>
        </test-method> <!-- selectProductTest -->
        <test-method is-config="true" signature="tearDown()[pri:0, instance:com.qa.opencart.tests.AccountsPageTest@4defd42]" started-at="2023-06-01T09:38:03Z" name="tearDown" finished-at="2023-06-01T09:38:03Z" duration-ms="6" status="PASS">
          <reporter-output>
          </reporter-output>
        </test-method> <!-- tearDown -->
      </class> <!-- com.qa.opencart.tests.AccountsPageTest -->
    </test> <!-- Default test -->
  </suite> <!-- Default suite -->
</testng-results>
